<?xml version="1.0" encoding="UTF-8"?>
<!-- Generated by org.testng.reporters.JUnitXMLReporter -->
<testsuite hostname="ET-C02T91MYG8WN.local" ignored="0" name="Android" tests="3" failures="0" timestamp="2021-03-26T12:03:53 IST" time="32.089" errors="0">
  <testcase name="runScenario" time="9.122" classname="com.qa.runners.MyTestNGRunnersTest"/>
  <testcase name="runScenario" time="5.143" classname="com.qa.runners.MyTestNGRunnersTest"/>
  <testcase name="runScenario" time="5.893" classname="com.qa.runners.MyTestNGRunnersTest"/>
</testsuite> <!-- Android -->
