<?xml version="1.0" encoding="UTF-8"?>
<!-- Generated by org.testng.reporters.JUnitXMLReporter -->
<testsuite hostname="ET-C02T91MYG8WN.local" ignored="0" name="Login-test-Android" tests="3" failures="0" timestamp="2021-03-26T11:17:44 IST" time="38.558" errors="0">
  <testcase name="runScenario" time="7.678" classname="com.qa.runners.MyTestNGRunnersTest"/>
  <testcase name="runScenario" time="4.764" classname="com.qa.runners.MyTestNGRunnersTest"/>
  <testcase name="runScenario" time="11.273" classname="com.qa.runners.MyTestNGRunnersTest"/>
</testsuite> <!-- Login-test-Android -->
